<?xml version="1.0" encoding="UTF-8"?>
<!-- Generated by org.testng.reporters.JUnitReportReporter -->
<testsuite hostname="LAPTOP-E6SRQGTN" failures="0" tests="1" name="KamalIndustries.Tests.ErrorValidations" time="3.500" errors="0" timestamp="2022-10-02T01:00:33 IST" skipped="0">
  <testcase classname="KamalIndustries.Tests.ErrorValidations" name="f" time="3.500"/>
  <system-out/>
</testsuite> <!-- KamalIndustries.Tests.ErrorValidations -->
