<?xml version="1.0" encoding="UTF-8"?>
<!-- Generated by org.testng.reporters.JUnitReportReporter -->
<testsuite hostname="LAPTOP-E6SRQGTN" failures="0" tests="1" name="KamalIndustries.Tests.ErrorValidationsTest" time="3.654" errors="0" timestamp="2022-10-03T16:39:26 IST" skipped="0">
  <testcase classname="KamalIndustries.Tests.ErrorValidationsTest" name="loginErrorValidation" time="3.654"/>
  <system-out/>
</testsuite> <!-- KamalIndustries.Tests.ErrorValidationsTest -->
