<?xml version="1.0" encoding="UTF-8"?>
<!-- Generated by org.testng.reporters.JUnitReportReporter -->
<testsuite hostname="LAPTOP-E6SRQGTN" failures="0" tests="2" name="KamalIndustries.Tests.submitOrderTest" time="33.439" errors="0" timestamp="2022-10-03T16:45:19 IST" skipped="0">
  <testcase classname="KamalIndustries.Tests.submitOrderTest" name="submitOrder" time="17.158"/>
  <system-out/>
  <testcase classname="KamalIndustries.Tests.submitOrderTest" name="submitOrder" time="16.281"/>
  <system-out/>
</testsuite> <!-- KamalIndustries.Tests.submitOrderTest -->
