<?xml version="1.0" encoding="UTF-8"?>
<!-- Generated by org.testng.reporters.JUnitReportReporter -->
<testsuite hostname="LAPTOP-E6SRQGTN" failures="0" tests="2" name="KamalIndustries.Tests.submitOrderTest" time="28.219" errors="0" timestamp="2022-10-02T11:06:01 IST" skipped="0">
  <testcase classname="KamalIndustries.Tests.submitOrderTest" name="submitOrder" time="23.062"/>
  <system-out/>
  <testcase classname="KamalIndustries.Tests.submitOrderTest" name="orderHistoryTest" time="5.157"/>
  <system-out/>
</testsuite> <!-- KamalIndustries.Tests.submitOrderTest -->
