<?xml version="1.0" encoding="UTF-8"?>
<!-- Generated by org.testng.reporters.JUnitReportReporter -->
<testsuite hostname="LAPTOP-E6SRQGTN" failures="0" tests="3" name="section16.day3" time="0.010" errors="0" timestamp="2022-09-15T10:26:47 IST" skipped="0">
  <testcase classname="section16.day3" name="WebloginHomeLoan" time="0.004"/>
  <system-out/>
  <testcase classname="section16.day3" name="MobileLoginHomeLoan" time="0.004"/>
  <system-out/>
  <testcase classname="section16.day3" name="LoginAPIHomeLoan" time="0.002"/>
  <system-out/>
</testsuite> <!-- section16.day3 -->
