<?xml version="1.0" encoding="UTF-8"?>
<!-- Generated by org.testng.reporters.JUnitReportReporter -->
<testsuite hostname="LAPTOP-E6SRQGTN" failures="0" tests="1" name="experiment.TestClass01" time="0.003" errors="0" timestamp="2022-09-30T08:51:53 IST" skipped="0">
  <testcase classname="experiment.TestClass01" name="testMethod2" time="0.003"/>
  <system-out/>
</testsuite> <!-- experiment.TestClass01 -->
