<?xml version="1.0" encoding="UTF-8"?>
<!-- Generated by org.testng.reporters.JUnitReportReporter -->
<testsuite hostname="LAPTOP-E6SRQGTN" failures="0" tests="2" name="section16.NewTestDataProvider" time="0.009" errors="0" timestamp="2022-09-15T10:26:47 IST" skipped="0">
  <testcase classname="section16.NewTestDataProvider" name="f" time="0.003"/>
  <system-out/>
  <testcase classname="section16.NewTestDataProvider" name="f" time="0.006"/>
  <system-out/>
</testsuite> <!-- section16.NewTestDataProvider -->
