<?xml version="1.0" encoding="UTF-8"?>
<!-- Generated by org.testng.reporters.JUnitReportReporter -->
<testsuite hostname="LAPTOP-E6SRQGTN" failures="0" tests="4" name="section16.CarLogin" time="0.014" errors="0" timestamp="2022-09-15T10:26:47 IST" skipped="0">
  <testcase classname="section16.CarLogin" name="carLoginHomeLoan" time="0.003"/>
  <system-out/>
  <testcase classname="section16.CarLogin" name="car2loginHomeLoan" time="0.007"/>
  <system-out/>
  <testcase classname="section16.CarLogin" name="car3LoginAPIHomeLoan" time="0.002"/>
  <system-out/>
  <testcase classname="section16.CarLogin" name="intor" time="0.002"/>
  <system-out/>
</testsuite> <!-- section16.CarLogin -->
