<?xml version="1.0" encoding="UTF-8"?>
<!-- Generated by org.testng.reporters.JUnitReportReporter -->
<testsuite hostname="LAPTOP-E6SRQGTN" failures="0" tests="1" name="section16.NewTestDemo" time="0.009" errors="0" timestamp="2022-09-30T08:51:53 IST" skipped="0">
  <testcase classname="section16.NewTestDemo" name="f2" time="0.009"/>
  <system-out/>
</testsuite> <!-- section16.NewTestDemo -->
