<?xml version="1.0" encoding="UTF-8"?>
<!-- Generated by org.testng.reporters.JUnitReportReporter -->
<testsuite hostname="LAPTOP-E6SRQGTN" failures="0" tests="2" name="experiment.TestClass02" time="0.002" errors="0" timestamp="2022-09-15T10:24:44 IST" skipped="0">
  <testcase classname="experiment.TestClass02" name="testMethod1" time="0.001"/>
  <system-out/>
  <testcase classname="experiment.TestClass02" name="testMethod2" time="0.001"/>
  <system-out/>
</testsuite> <!-- experiment.TestClass02 -->
