<?xml version="1.0" encoding="UTF-8"?>
<!-- Generated by org.testng.reporters.JUnitReportReporter -->
<testsuite hostname="LAPTOP-E6SRQGTN" failures="0" tests="3" name="section16.DataProviderDemo" time="0.009" errors="0" timestamp="2022-09-15T10:26:47 IST" skipped="0">
  <testcase classname="section16.DataProviderDemo" name="MobileLogInCarLoan" time="0.003"/>
  <system-out/>
  <testcase classname="section16.DataProviderDemo" name="MobileLogInCarLoan" time="0.001"/>
  <system-out/>
  <testcase classname="section16.DataProviderDemo" name="MobileLogInCarLoan" time="0.005"/>
  <system-out/>
</testsuite> <!-- section16.DataProviderDemo -->
