<?xml version="1.0" encoding="UTF-8"?>
<!-- Generated by org.testng.reporters.JUnitReportReporter -->
<testsuite hostname="LAPTOP-E6SRQGTN" failures="0" tests="3" name="KamalIndustries.Tests.submitOrderTest" time="52.440" errors="0" timestamp="2022-10-07T10:53:22 IST" skipped="0">
  <testcase classname="KamalIndustries.Tests.submitOrderTest" name="submitOrder" time="16.278"/>
  <system-out/>
  <testcase classname="KamalIndustries.Tests.submitOrderTest" name="submitOrder" time="32.301"/>
  <system-out/>
  <testcase classname="KamalIndustries.Tests.submitOrderTest" name="orderHistoryTest" time="3.861"/>
  <system-out/>
</testsuite> <!-- KamalIndustries.Tests.submitOrderTest -->
