<?xml version="1.0" encoding="UTF-8"?>
<!-- Generated by org.testng.reporters.JUnitReportReporter -->
<testsuite hostname="LAPTOP-E6SRQGTN" failures="0" tests="2" name="KamalIndustries.Tests.submitOrderTest" time="35.765" errors="0" timestamp="2022-10-12T13:39:48 IST" skipped="0">
  <testcase classname="KamalIndustries.Tests.submitOrderTest" name="submitOrder" time="16.949"/>
  <system-out/>
  <testcase classname="KamalIndustries.Tests.submitOrderTest" name="submitOrder" time="18.816"/>
  <system-out/>
</testsuite> <!-- KamalIndustries.Tests.submitOrderTest -->
