<?xml version="1.0" encoding="UTF-8"?>
<!-- Generated by org.testng.reporters.JUnitReportReporter -->
<testsuite hostname="LAPTOP-E6SRQGTN" failures="0" tests="1" name="cucumber.TestNGTestRunner" time="3.119" errors="0" timestamp="2022-10-16T11:41:53 IST" skipped="0">
  <testcase classname="cucumber.TestNGTestRunner" name="runScenario" time="3.119"/>
  <system-out/>
</testsuite> <!-- cucumber.TestNGTestRunner -->
