<?xml version="1.0" encoding="UTF-8"?>
<!-- Generated by org.testng.reporters.JUnitReportReporter -->
<testsuite hostname="LAPTOP-E6SRQGTN" failures="0" tests="1" name="section5.Test3" time="2.673" errors="0" timestamp="2022-08-10T19:18:14 IST" skipped="0">
  <testcase classname="section5.Test3" name="xpath" time="2.673"/>
  <system-out/>
</testsuite> <!-- section5.Test3 -->
