<?xml version="1.0" encoding="UTF-8"?>
<!-- Generated by org.testng.reporters.JUnitReportReporter -->
<testsuite hostname="LAPTOP-E6SRQGTN" failures="0" tests="1" name="section5.Test1" time="3.370" errors="0" timestamp="2022-08-10T11:45:47 IST" skipped="0">
  <testcase classname="section5.Test1" name="test" time="3.370"/>
  <system-out/>
</testsuite> <!-- section5.Test1 -->
