<?xml version="1.0" encoding="UTF-8"?>
<!-- Generated by org.testng.reporters.JUnitReportReporter -->
<testsuite hostname="LAPTOP-E6SRQGTN" failures="0" tests="1" name="section5.Test5" time="4.497" errors="0" timestamp="2022-08-11T10:18:36 IST" skipped="0">
  <testcase classname="section5.Test5" name="f" time="4.497"/>
  <system-out/>
</testsuite> <!-- section5.Test5 -->
