<?xml version="1.0" encoding="UTF-8"?>
<!-- Generated by org.testng.reporters.JUnitReportReporter -->
<testsuite hostname="LAPTOP-E6SRQGTN" failures="0" tests="1" name="section6.Locators" time="6.350" errors="0" timestamp="2022-08-12T09:08:15 IST" skipped="0">
  <testcase classname="section6.Locators" name="f" time="6.350"/>
  <system-out/>
</testsuite> <!-- section6.Locators -->
