<?xml version="1.0" encoding="UTF-8"?>
<!-- Generated by org.testng.reporters.JUnitReportReporter -->
<testsuite hostname="LAPTOP-E6SRQGTN" failures="0" tests="1" name="section5.Test4" time="5.790" errors="0" timestamp="2022-08-11T10:04:59 IST" skipped="0">
  <testcase classname="section5.Test4" name="xpath2" time="5.790"/>
  <system-out/>
</testsuite> <!-- section5.Test4 -->
