<?xml version="1.0" encoding="UTF-8"?>
<!-- Generated by org.testng.reporters.JUnitReportReporter -->
<testsuite hostname="LAPTOP-E6SRQGTN" failures="0" tests="1" name="section6.uniqueTagNameLocators" time="2.762" errors="0" timestamp="2022-08-12T10:01:11 IST" skipped="0">
  <testcase classname="section6.uniqueTagNameLocators" name="test" time="2.762"/>
  <system-out/>
</testsuite> <!-- section6.uniqueTagNameLocators -->
