<?xml version="1.0" encoding="UTF-8"?>
<!-- Generated by org.testng.reporters.JUnitReportReporter -->
<testsuite hostname="LAPTOP-E6SRQGTN" failures="0" tests="1" name="KamalIndustsries.ExtentReports.ExtentReportsDemo1" time="6.058" errors="0" timestamp="2022-10-05T18:56:33 IST" skipped="0">
  <testcase classname="KamalIndustsries.ExtentReports.ExtentReportsDemo1" name="initialDemo" time="6.058"/>
  <system-out/>
</testsuite> <!-- KamalIndustsries.ExtentReports.ExtentReportsDemo1 -->
