<?xml version="1.0" encoding="UTF-8"?>
<!-- Generated by org.testng.reporters.JUnitReportReporter -->
<testsuite hostname="LAPTOP-E6SRQGTN" failures="0" tests="1" name="section8.BuildProgrammingLogicToProcessItemsInArrayForCart" time="4.197" errors="0" timestamp="2023-08-30T11:57:57 IST" skipped="0">
  <testcase classname="section8.BuildProgrammingLogicToProcessItemsInArrayForCart" name="f" time="4.197"/>
  <system-out/>
</testsuite> <!-- section8.BuildProgrammingLogicToProcessItemsInArrayForCart -->
