<?xml version="1.0" encoding="UTF-8"?>
<!-- Generated by org.testng.reporters.JUnitReportReporter -->
<testsuite hostname="LAPTOP-E6SRQGTN" failures="0" tests="1" name="Section12.NewAssigment1" time="10.763" errors="0" timestamp="2022-09-12T11:10:38 IST" skipped="0">
  <testcase classname="Section12.NewAssigment1" name="test" time="10.763"/>
  <system-out/>
</testsuite> <!-- Section12.NewAssigment1 -->
