<?xml version="1.0" encoding="UTF-8"?>
<!-- Generated by org.testng.reporters.JUnitReportReporter -->
<testsuite hostname="LAPTOP-E6SRQGTN" failures="0" tests="1" name="Section14.FilterWebTable" time="4.791" errors="0" timestamp="2022-09-12T11:10:39 IST" skipped="0">
  <testcase classname="Section14.FilterWebTable" name="test" time="4.791"/>
  <system-out/>
</testsuite> <!-- Section14.FilterWebTable -->
