<?xml version="1.0" encoding="UTF-8"?>
<!-- Generated by org.testng.reporters.JUnitReportReporter -->
<testsuite hostname="LAPTOP-E6SRQGTN" failures="0" tests="1" name="section7.HandleCalenderUIinTravelWebSites" time="7.500" errors="0" timestamp="2022-09-12T11:10:40 IST" skipped="0">
  <testcase classname="section7.HandleCalenderUIinTravelWebSites" name="test" time="7.500"/>
  <system-out/>
</testsuite> <!-- section7.HandleCalenderUIinTravelWebSites -->
