<?xml version="1.0" encoding="UTF-8"?>
<!-- Generated by org.testng.reporters.JUnitReportReporter -->
<testsuite hostname="LAPTOP-E6SRQGTN" failures="0" tests="1" name="section6.BrowserActivities" time="31.216" errors="0" timestamp="2022-09-12T11:10:38 IST" skipped="0">
  <testcase classname="section6.BrowserActivities" name="f" time="31.216"/>
  <system-out/>
</testsuite> <!-- section6.BrowserActivities -->
