<?xml version="1.0" encoding="UTF-8"?>
<!-- Generated by org.testng.reporters.JUnitReportReporter -->
<testsuite hostname="LAPTOP-E6SRQGTN" failures="0" tests="1" name="section6.siblimgWithXpathTransverse" time="9.557" errors="0" timestamp="2022-09-12T11:10:38 IST" skipped="0">
  <testcase classname="section6.siblimgWithXpathTransverse" name="test" time="9.557"/>
  <system-out/>
</testsuite> <!-- section6.siblimgWithXpathTransverse -->
