<?xml version="1.0" encoding="UTF-8"?>
<!-- Generated by org.testng.reporters.JUnitReportReporter -->
<testsuite hostname="LAPTOP-E6SRQGTN" failures="0" tests="1" name="section7.HandlingJavaAlerts" time="16.303" errors="0" timestamp="2022-09-12T11:10:38 IST" skipped="0">
  <testcase classname="section7.HandlingJavaAlerts" name="handlingJavaAlerts" time="16.303"/>
  <system-out/>
</testsuite> <!-- section7.HandlingJavaAlerts -->
