<?xml version="1.0" encoding="UTF-8"?>
<!-- Generated by org.testng.reporters.JUnitReportReporter -->
<testsuite hostname="LAPTOP-E6SRQGTN" failures="0" tests="1" name="Section9.Wait" time="13.589" errors="0" timestamp="2022-08-24T11:07:09 IST" skipped="0">
  <testcase classname="Section9.Wait" name="f" time="13.589"/>
  <system-out/>
</testsuite> <!-- Section9.Wait -->
