<?xml version="1.0" encoding="UTF-8"?>
<!-- Generated by org.testng.reporters.JUnitReportReporter -->
<testsuite hostname="LAPTOP-E6SRQGTN" failures="0" tests="1" name="section7.Assignment2_Copy" time="4.546" errors="0" timestamp="2022-09-12T11:10:39 IST" skipped="0">
  <testcase classname="section7.Assignment2_Copy" name="f" time="4.546"/>
  <system-out/>
</testsuite> <!-- section7.Assignment2_Copy -->
