<?xml version="1.0" encoding="UTF-8"?>
<!-- Generated by org.testng.reporters.JUnitReportReporter -->
<testsuite hostname="LAPTOP-E6SRQGTN" failures="0" tests="8" name="Section14.javaStreamTest1" time="0.054" errors="0" timestamp="2022-09-12T11:10:40 IST" skipped="0">
  <testcase classname="Section14.javaStreamTest1" name="streamMap" time="0.006"/>
  <system-out/>
  <testcase classname="Section14.javaStreamTest1" name="regular" time="0.003"/>
  <system-out/>
  <testcase classname="Section14.javaStreamTest1" name="streamCollect" time="0.007"/>
  <system-out/>
  <testcase classname="Section14.javaStreamTest1" name="assignment" time="0.004"/>
  <system-out/>
  <testcase classname="Section14.javaStreamTest1" name="streamFilter2" time="0.017"/>
  <system-out/>
  <testcase classname="Section14.javaStreamTest1" name="streamMap3" time="0.010"/>
  <system-out/>
  <testcase classname="Section14.javaStreamTest1" name="streamFilter" time="0.004"/>
  <system-out/>
  <testcase classname="Section14.javaStreamTest1" name="streamMap2" time="0.003"/>
  <system-out/>
</testsuite> <!-- Section14.javaStreamTest1 -->
