<?xml version="1.0" encoding="UTF-8"?>
<!-- Generated by org.testng.reporters.JUnitReportReporter -->
<testsuite hostname="LAPTOP-E6SRQGTN" failures="0" tests="1" name="Section14.WebTableSortedJavaStreams" time="4.701" errors="0" timestamp="2022-09-12T11:10:38 IST" skipped="0">
  <testcase classname="Section14.WebTableSortedJavaStreams" name="test1" time="4.701"/>
  <system-out/>
</testsuite> <!-- Section14.WebTableSortedJavaStreams -->
