<?xml version="1.0" encoding="UTF-8"?>
<!-- Generated by org.testng.reporters.JUnitReportReporter -->
<testsuite hostname="LAPTOP-E6SRQGTN" failures="0" tests="1" name="Section11.PrintTheCountLinksInPage" time="5.457" errors="0" timestamp="2022-09-12T11:10:39 IST" skipped="0">
  <testcase classname="Section11.PrintTheCountLinksInPage" name="scopeTest" time="5.457"/>
  <system-out/>
</testsuite> <!-- Section11.PrintTheCountLinksInPage -->
