<?xml version="1.0" encoding="UTF-8"?>
<!-- Generated by org.testng.reporters.JUnitReportReporter -->
<testsuite hostname="LAPTOP-E6SRQGTN" failures="0" tests="1" name="Section12.scrollingWindowsTables" time="11.837" errors="0" timestamp="2022-09-12T11:10:38 IST" skipped="0">
  <testcase classname="Section12.scrollingWindowsTables" name="test" time="11.837"/>
  <system-out/>
</testsuite> <!-- Section12.scrollingWindowsTables -->
