<?xml version="1.0" encoding="UTF-8"?>
<!-- Generated by org.testng.reporters.JUnitReportReporter -->
<testsuite hostname="LAPTOP-E6SRQGTN" failures="0" tests="1" name="Section11.Assignment_1_Dynamic" time="10.203" errors="0" timestamp="2022-09-12T11:10:39 IST" skipped="0">
  <testcase classname="Section11.Assignment_1_Dynamic" name="test_assignment_1" time="10.203"/>
  <system-out/>
</testsuite> <!-- Section11.Assignment_1_Dynamic -->
