<?xml version="1.0" encoding="UTF-8"?>
<!-- Generated by org.testng.reporters.JUnitReportReporter -->
<testsuite hostname="LAPTOP-E6SRQGTN" failures="0" tests="1" name="Section14.CustomSeleniumMethodStreamMapper" time="4.227" errors="0" timestamp="2022-09-12T11:10:40 IST" skipped="0">
  <testcase classname="Section14.CustomSeleniumMethodStreamMapper" name="customSeleniumMethodUsingStreamMapper" time="4.227"/>
  <system-out/>
</testsuite> <!-- Section14.CustomSeleniumMethodStreamMapper -->
