<?xml version="1.0" encoding="UTF-8"?>
<!-- Generated by org.testng.reporters.JUnitReportReporter -->
<testsuite hostname="LAPTOP-E6SRQGTN" failures="0" tests="1" name="Section12.HandleTableGridsInWebPages" time="16.351" errors="0" timestamp="2022-09-12T11:10:38 IST" skipped="0">
  <testcase classname="Section12.HandleTableGridsInWebPages" name="test" time="16.351"/>
  <system-out/>
</testsuite> <!-- Section12.HandleTableGridsInWebPages -->
