<?xml version="1.0" encoding="UTF-8"?>
<!-- Generated by org.testng.reporters.JUnitReportReporter -->
<testsuite hostname="LAPTOP-E6SRQGTN" failures="0" tests="1" name="Section11.GettingTitlesOfChildTabWithOptiisedWhileLoop" time="27.836" errors="0" timestamp="2022-09-12T11:10:38 IST" skipped="0">
  <testcase classname="Section11.GettingTitlesOfChildTabWithOptiisedWhileLoop" name="test_of_scope" time="27.836"/>
  <system-out/>
</testsuite> <!-- Section11.GettingTitlesOfChildTabWithOptiisedWhileLoop -->
