<?xml version="1.0" encoding="UTF-8"?>
<!-- Generated by org.testng.reporters.JUnitReportReporter -->
<testsuite hostname="LAPTOP-E6SRQGTN" failures="0" tests="1" name="section13.ScreenTest" time="14.655" errors="0" timestamp="2022-09-12T11:10:39 IST" skipped="0">
  <testcase classname="section13.ScreenTest" name="f" time="14.655"/>
  <system-out/>
</testsuite> <!-- section13.ScreenTest -->
