<?xml version="1.0" encoding="UTF-8"?>
<!-- Generated by org.testng.reporters.JUnitReportReporter -->
<testsuite hostname="LAPTOP-E6SRQGTN" failures="0" tests="1" name="section15.CapturingHeightAndWidthOfWEforUXvalidation" time="4.983" errors="0" timestamp="2022-09-12T11:10:38 IST" skipped="0">
  <testcase classname="section15.CapturingHeightAndWidthOfWEforUXvalidation" name="f" time="4.983"/>
  <system-out/>
</testsuite> <!-- section15.CapturingHeightAndWidthOfWEforUXvalidation -->
