<?xml version="1.0" encoding="UTF-8"?>
<!-- Generated by org.testng.reporters.JUnitReportReporter -->
<testsuite hostname="LAPTOP-E6SRQGTN" failures="0" tests="1" name="Section9.assignment" time="16.700" errors="0" timestamp="2022-09-12T11:10:40 IST" skipped="0">
  <testcase classname="Section9.assignment" name="test4" time="16.700"/>
  <system-out/>
</testsuite> <!-- Section9.assignment -->
