<?xml version="1.0" encoding="UTF-8"?>
<!-- Generated by org.testng.reporters.JUnitReportReporter -->
<testsuite hostname="LAPTOP-E6SRQGTN" failures="0" tests="1" name="Section10.AssignmentTest1" time="12.567" errors="0" timestamp="2022-09-12T11:10:40 IST" skipped="0">
  <testcase classname="Section10.AssignmentTest1" name="testSol" time="12.567"/>
  <system-out/>
</testsuite> <!-- Section10.AssignmentTest1 -->
