<?xml version="1.0" encoding="UTF-8"?>
<!-- Generated by org.testng.reporters.JUnitReportReporter -->
<testsuite hostname="LAPTOP-E6SRQGTN" failures="0" tests="2" name="section15.InvokingMultipleTabsOrWindows" time="22.884" errors="0" timestamp="2022-09-12T11:10:38 IST" skipped="0">
  <testcase classname="section15.InvokingMultipleTabsOrWindows" name="f" time="10.624"/>
  <system-out/>
  <testcase classname="section15.InvokingMultipleTabsOrWindows" name="f2" time="12.260"/>
  <system-out/>
</testsuite> <!-- section15.InvokingMultipleTabsOrWindows -->
