<?xml version="1.0" encoding="UTF-8"?>
<!-- Generated by org.testng.reporters.JUnitReportReporter -->
<testsuite hostname="LAPTOP-E6SRQGTN" failures="0" tests="1" name="section8.AddingItemsIntoCart" time="3.593" errors="0" timestamp="2022-09-20T09:32:40 IST" skipped="0">
  <testcase classname="section8.AddingItemsIntoCart" name="f" time="3.593"/>
  <system-out/>
</testsuite> <!-- section8.AddingItemsIntoCart -->
