<?xml version="1.0" encoding="UTF-8"?>
<!-- Generated by org.testng.reporters.JUnitReportReporter -->
<testsuite hostname="LAPTOP-E6SRQGTN" failures="0" tests="2" name="section13.Miscellaneous" time="10.046" errors="0" timestamp="2022-09-12T11:10:39 IST" skipped="0">
  <testcase classname="section13.Miscellaneous" name="f" time="5.444"/>
  <system-out/>
  <testcase classname="section13.Miscellaneous" name="f2" time="4.602"/>
  <system-out/>
</testsuite> <!-- section13.Miscellaneous -->
