<?xml version="1.0" encoding="UTF-8"?>
<!-- Generated by org.testng.reporters.JUnitReportReporter -->
<testsuite hostname="LAPTOP-E6SRQGTN" failures="0" tests="4" name="section15.IntroToRelativeLocators" time="26.806" errors="0" timestamp="2022-09-12T11:10:38 IST" skipped="0">
  <testcase classname="section15.IntroToRelativeLocators" name="f2" time="4.889"/>
  <system-out/>
  <testcase classname="section15.IntroToRelativeLocators" name="f4" time="7.431"/>
  <system-out/>
  <testcase classname="section15.IntroToRelativeLocators" name="f" time="4.303"/>
  <system-out/>
  <testcase classname="section15.IntroToRelativeLocators" name="f3" time="10.183"/>
  <system-out/>
</testsuite> <!-- section15.IntroToRelativeLocators -->
