<?xml version="1.0" encoding="UTF-8"?>
<!-- Generated by org.testng.reporters.JUnitReportReporter -->
<testsuite hostname="LAPTOP-E6SRQGTN" failures="0" tests="1" name="Section10.Assignment2" time="4.749" errors="0" timestamp="2022-09-12T11:10:38 IST" skipped="0">
  <testcase classname="Section10.Assignment2" name="assignment" time="4.749"/>
  <system-out/>
</testsuite> <!-- Section10.Assignment2 -->
