<?xml version="1.0" encoding="UTF-8"?>
<!-- Generated by org.testng.reporters.JUnitReportReporter -->
<testsuite hostname="LAPTOP-E6SRQGTN" failures="0" tests="1" name="Section9.Wait2" time="27.435" errors="0" timestamp="2022-09-12T11:10:38 IST" skipped="0">
  <testcase classname="Section9.Wait2" name="f" time="27.435"/>
  <system-out/>
</testsuite> <!-- Section9.Wait2 -->
